2025-10-25 12:23:00 | WARN | repo=auction | action=edit | files=1
2025-05-09 19:51:00 | INFO | repo=auction | action=test | passed=true
2025-10-05 19:22:00 | DEBUG | repo=auction | action=edit | files=3
2025-11-12 16:48:00 | INFO | repo=auction | action=commit
2025-03-11 16:41:00 | DEBUG | repo=auction | action=edit | files=3
2025-12-21 18:33:00 | INFO | repo=auction | action=pull
2025-02-25 12:26:00 | INFO | repo=auction | action=commit
2025-05-23 12:43:00 | INFO | repo=auction | action=commit
2025-07-05 16:22:00 | DEBUG | repo=auction | action=commit
2025-04-16 15:47:00 | WARN | repo=auction | action=commit
2025-05-27 19:11:00 | DEBUG | repo=auction | action=commit
2025-08-02 09:52:00 | DEBUG | repo=auction | action=commit
2025-04-03 16:24:00 | INFO | repo=auction | action=test | passed=true
2025-04-02 12:07:00 | WARN | repo=auction | action=test | passed=true
2025-01-05 14:14:00 | INFO | repo=auction | action=edit | files=1
2025-10-07 19:29:00 | INFO | repo=auction | action=commit
2025-11-01 13:32:00 | WARN | repo=auction | action=test | passed=true
2025-05-15 14:41:00 | INFO | repo=auction | action=pull
2025-10-21 18:04:00 | WARN | repo=auction | action=commit
2025-02-13 12:54:00 | WARN | repo=auction | action=test | passed=true
2025-07-13 14:49:00 | WARN | repo=auction | action=commit
2025-02-25 16:56:00 | WARN | repo=auction | action=commit
2025-06-25 19:55:00 | INFO | repo=auction | action=commit
2025-06-20 12:58:00 | INFO | repo=auction | action=commit
2025-03-12 09:16:00 | DEBUG | repo=auction | action=commit
2025-10-23 16:09:00 | INFO | repo=auction | action=test | passed=true
2025-12-18 20:14:00 | WARN | repo=auction | action=edit | files=2
2025-10-24 10:19:00 | WARN | repo=auction | action=commit
2025-12-01 07:27:00 | WARN | repo=auction | action=pull
2025-04-27 15:15:00 | DEBUG | repo=auction | action=edit | files=5
2025-10-13 15:44:00 | WARN | repo=auction | action=pull
2025-03-09 13:00:00 | INFO | repo=auction | action=commit
2025-05-02 19:17:00 | WARN | repo=auction | action=commit
